[20/03/20 20:17:48] "image.png" | /home/k01/010k01/tmp010/image.png
[20/03/20 21:14:55] "–Ω–∞—Å–æ—Å.jpg" | /home/k01/010k01/tmp010/–Ω–∞—Å–æ—Å.jpg
[21/03/20 00:41:11] "The.Walking.Dead.S09E13.WEB-DLRip.Rus.Eng.DV.LostFilm / NNM-Club" | /home/k01/dnl/–•–æ–¥—è—á–∏–µ –º–µ—Ä—Ç–≤–µ—Ü—ã (—Å–µ–∑–æ–Ω 9) The Walking Dead (2018) WEB-DLRip - LostFilm/The.Walking.Dead.S09E13.WEB-DLRip.Rus.Eng.DV.LostFilm.avi
[21/03/20 02:23:42] "The.Walking.Dead.S10E09.WEB-DLRip.Rus.Eng.DV.LostFilm / NNM-Club" | /home/k01/dnl/–•–æ–¥—è—á–∏–µ –º–µ—Ä—Ç–≤–µ—Ü—ã (—Å–µ–∑–æ–Ω 10) The Walking Dead (2019) WEB-DLRip - LostFilm/The.Walking.Dead.S10E09.WEB-DLRip.Rus.Eng.DV.LostFilm.avi
[21/03/20 02:29:45] "331.avi" | /home/k01/010k01/tmp010/331.avi
[21/03/20 02:32:44] "123.mp4" | /home/k01/010k01/tmp010/123.mp4
[22/03/20 08:00:36] "The.Walking.Dead.S09E12.WEB-DLRip.Rus.Eng.DV.LostFilm / NNM-Club" | /home/k01/dnl/–•–æ–¥—è—á–∏–µ –º–µ—Ä—Ç–≤–µ—Ü—ã (—Å–µ–∑–æ–Ω 9) The Walking Dead (2018) WEB-DLRip - LostFilm/The.Walking.Dead.S09E12.WEB-DLRip.Rus.Eng.DV.LostFilm.avi
[23/03/20 07:36:20] "The.Walking.Dead.S09E14.WEB-DLRip.Rus.Eng.DV.LostFilm / NNM-Club" | /home/k01/dnl/–•–æ–¥—è—á–∏–µ –º–µ—Ä—Ç–≤–µ—Ü—ã (—Å–µ–∑–æ–Ω 9) The Walking Dead (2018) WEB-DLRip - LostFilm/The.Walking.Dead.S09E14.WEB-DLRip.Rus.Eng.DV.LostFilm.avi
[23/03/20 09:02:23] "The.Walking.Dead.S09E15.WEB-DLRip.Rus.Eng.DV.LostFilm / NNM-Club" | /home/k01/dnl/–•–æ–¥—è—á–∏–µ –º–µ—Ä—Ç–≤–µ—Ü—ã (—Å–µ–∑–æ–Ω 9) The Walking Dead (2018) WEB-DLRip - LostFilm/The.Walking.Dead.S09E15.WEB-DLRip.Rus.Eng.DV.LostFilm.avi
[24/03/20 07:10:56] "–£—Å–∞—Ç—é–∫–°–≤–µ—Ç–ª–∞–Ω–∞_–ö–¢_20191110_–∞–∫—Å.avi" | /home/k01/010k01/work010/cons/–°–∞—Ö–∞–ª–∏–Ω/–£—Å–∞—Ç—é–∫–°–≤–µ—Ç–ª–∞–Ω–∞_–ö–¢_20191110_–∞–∫—Å.avi
[24/03/20 20:22:06] "–£—Å–∞—Ç—é–∫–°–≤–µ—Ç–ª–∞–Ω–∞_–ö–¢_20191110_–∫–æ—Ä.avi" | /home/k01/010k01/work010/cons/–°–∞—Ö–∞–ª–∏–Ω/–£—Å–∞—Ç—é–∫–°–≤–µ—Ç–ª–∞–Ω–∞_–ö–¢_20191110_–∫–æ—Ä.avi
[26/03/20 00:58:40] "The.Walking.Dead.S09E16.WEB-DLRip.Rus.Eng.DV.LostFilm / NNM-Club" | /home/k01/dnl/–•–æ–¥—è—á–∏–µ –º–µ—Ä—Ç–≤–µ—Ü—ã (—Å–µ–∑–æ–Ω 9) The Walking Dead (2018) WEB-DLRip - LostFilm/The.Walking.Dead.S09E16.WEB-DLRip.Rus.Eng.DV.LostFilm.avi
[27/03/20 21:55:05] "The.Walking.Dead.S10E01.WEB-DLRip.Rus.Eng.DV.LostFilm / NNM-Club" | /home/k01/dnl/–•–æ–¥—è—á–∏–µ –º–µ—Ä—Ç–≤–µ—Ü—ã (—Å–µ–∑–æ–Ω 10) The Walking Dead (2019) WEB-DLRip - LostFilm/The.Walking.Dead.S10E01.WEB-DLRip.Rus.Eng.DV.LostFilm.avi
[28/03/20 16:36:02] "The.Walking.Dead.S10E02.WEB-DLRip.Rus.Eng.DV.LostFilm / NNM-Club" | /home/k01/dnl/–•–æ–¥—è—á–∏–µ –º–µ—Ä—Ç–≤–µ—Ü—ã (—Å–µ–∑–æ–Ω 10) The Walking Dead (2019) WEB-DLRip - LostFilm/The.Walking.Dead.S10E02.WEB-DLRip.Rus.Eng.DV.LostFilm.avi
[29/03/20 18:26:22] "Knives.Out.2019.BDRip.1.46.Gb.D.MegaPeer.avi" | /home/k01/dnl/Knives.Out.2019.BDRip.1.46.Gb.D.MegaPeer/Knives.Out.2019.BDRip.1.46.Gb.D.MegaPeer.avi
[29/03/20 22:16:48] "–£—Å–∞—Ç—é–∫–°–≤–µ—Ç–ª–∞–Ω–∞_–ö–¢_20191110_–∞–∫—Å.avi" | /media/k01/diskD/021k01/tmp021/ct/–£—Å–∞—Ç—é–∫–°–≤–µ—Ç–ª–∞–Ω–∞_–ö–¢_20191110_–∞–∫—Å.avi
[29/03/20 22:57:06] "–ü–æ–µ–∑–¥ –º–∏–ª–æ—Å–µ—Ä–¥–∏—è.mpg" | /home/k01/dnl/–ü–æ–µ–∑–¥ –º–∏–ª–æ—Å–µ—Ä–¥–∏—è.mpg
[02/04/20 18:15:06] "1 —Å–µ—Ä–∏—è.avi" | /home/k01/dnl/–ù–∞ –≤—Å—é –æ—Å—Ç–∞–≤—à—É—é—Å—è –∂–∏–∑–Ω—å/1 —Å–µ—Ä–∏—è.avi
[03/04/20 20:59:48] "Bancroft.S01E03.WEB-DL.Rus.Eng.RGzsRutracker.avi" | /home/k01/dnl/Bancroft.S01.WEB-DLRip.SDI Media/Bancroft.S01E03.WEB-DL.Rus.Eng.RGzsRutracker.avi
[03/04/20 21:58:48] "Bancroft.S01E04.WEB-DL.Rus.Eng.RGzsRutracker.avi" | /home/k01/dnl/Bancroft.S01.WEB-DLRip.SDI Media/Bancroft.S01E04.WEB-DL.Rus.Eng.RGzsRutracker.avi
[04/04/20 20:25:33] "Bancroft.S02E01.400p.ColdFilm.avi" | /home/k01/dnl/Bancroft.S02.400p.ColdFilm/Bancroft.S02E01.400p.ColdFilm.avi
[04/04/20 22:55:24] "Bancroft.S02E04.400p.ColdFilm.avi" | /home/k01/dnl/Bancroft.S02.400p.ColdFilm/Bancroft.S02E04.400p.ColdFilm.avi
[05/04/20 11:19:51] "Bancroft.S01E02.WEB-DL.Rus.Eng.RGzsRutracker.avi" | /home/k01/dnl/Bancroft.S01.WEB-DLRip.SDI Media/Bancroft.S01E02.WEB-DL.Rus.Eng.RGzsRutracker.avi
[06/04/20 02:18:24] "Bancroft.S02E03.400p.ColdFilm.avi" | /home/k01/dnl/Bancroft.S02.400p.ColdFilm/Bancroft.S02E03.400p.ColdFilm.avi
[08/04/20 20:28:06] "Bancroft.S01E01.WEB-DL.Rus.Eng.RGzsRutracker.avi" | /home/k01/dnl/Bancroft.S01.WEB-DLRip.SDI Media/Bancroft.S01E01.WEB-DL.Rus.Eng.RGzsRutracker.avi
[08/04/20 23:04:03] "The.Killing.S01E01.rus.LostFilm.TV.avi" | /home/k01/dnl/The Killing/S01/The.Killing.S01E01.rus.LostFilm.TV.avi
[10/04/20 01:27:36] "The.Killing.S01E02.rus.LostFilm.TV.avi" | /home/k01/dnl/The Killing/S01/The.Killing.S01E02.rus.LostFilm.TV.avi
[15/04/20 21:33:54] "Bancroft.S02E02.400p.ColdFilm.avi" | /home/k01/dnl/Bancroft.S02.400p.ColdFilm/Bancroft.S02E02.400p.ColdFilm.avi
[18/04/20 21:04:01] "Money.Heist.S03E01.400p.ColdFilm.avi" | /home/k01/dnl/Money.Heist.S03.400p.ColdFilm/Money.Heist.S03E01.400p.ColdFilm.avi
[19/04/20 04:43:17] "La.Casa.De.Papel.S03E02.WEB-DLRip.RGzsRutracker.Celta88.avi" | /home/k01/dnl/–ë—É–º–∞–∂–Ω—ã–π –¥–æ–º (–°–µ–∑–æ–Ω 3) TVShows/La.Casa.De.Papel.S03E02.WEB-DLRip.RGzsRutracker.Celta88.avi
[25/04/20 01:28:18] "La.Casa.De.Papel.S03E04.WEB-DLRip.RGzsRutracker.Celta88.avi" | /home/k01/dnl/–ë—É–º–∞–∂–Ω—ã–π –¥–æ–º (–°–µ–∑–æ–Ω 3) TVShows/La.Casa.De.Papel.S03E04.WEB-DLRip.RGzsRutracker.Celta88.avi
[26/04/20 22:42:09] "La.Casa.De.Papel.S03E05.WEB-DLRip.RGzsRutracker.Celta88.avi" | /home/k01/dnl/–ë—É–º–∞–∂–Ω—ã–π –¥–æ–º (–°–µ–∑–æ–Ω 3) TVShows/La.Casa.De.Papel.S03E05.WEB-DLRip.RGzsRutracker.Celta88.avi
[28/04/20 21:08:49] "La.Casa.de.Papel.s04e01.WEBRip.XviD.Rus.BaibaKo.tv.avi" | /home/k01/dnl/La.Casa.de.Papel.s04.WEBRip.XviD.Rus.BaibaKo.tv/La.Casa.de.Papel.s04e01.WEBRip.XviD.Rus.BaibaKo.tv.avi
[29/04/20 11:37:52] "La.Casa.De.Papel.S03E06.WEB-DLRip.RGzsRutracker.Celta88.avi" | /home/k01/dnl/–ë—É–º–∞–∂–Ω—ã–π –¥–æ–º (–°–µ–∑–æ–Ω 3) TVShows/La.Casa.De.Papel.S03E06.WEB-DLRip.RGzsRutracker.Celta88.avi
[02/05/20 01:06:38] "La.Casa.De.Papel.S03E03.WEB-DLRip.RGzsRutracker.Celta88.avi" | /home/k01/dnl/–ë—É–º–∞–∂–Ω—ã–π –¥–æ–º (–°–µ–∑–æ–Ω 3) TVShows/La.Casa.De.Papel.S03E03.WEB-DLRip.RGzsRutracker.Celta88.avi
[02/05/20 01:07:21] "La.Casa.de.Papel.s04e03.WEBRip.XviD.Rus.BaibaKo.tv.avi" | /home/k01/dnl/La.Casa.de.Papel.s04.WEBRip.XviD.Rus.BaibaKo.tv/La.Casa.de.Papel.s04e03.WEBRip.XviD.Rus.BaibaKo.tv.avi
[02/05/20 01:07:34] "La.Casa.de.Papel.s04e02.WEBRip.XviD.Rus.BaibaKo.tv.avi" | /home/k01/dnl/La.Casa.de.Papel.s04.WEBRip.XviD.Rus.BaibaKo.tv/La.Casa.de.Papel.s04e02.WEBRip.XviD.Rus.BaibaKo.tv.avi
[09/05/20 23:24:48] "2-07. –§–æ–Ω–∞—Ä—å –¥–ª—è –∏–¥–∏–æ—Ç–∞.mkv" | /home/k01/dnl/–î–æ–∫—Ç–æ—Ä –ö—Ç–æ. –°–µ—Ä–∏–∞–ª. –í—Å–µ —Å–µ–∑–æ–Ω—ã (AVC)/2 –°–µ–∑–æ–Ω/2-07. –§–æ–Ω–∞—Ä—å –¥–ª—è –∏–¥–∏–æ—Ç–∞.mkv
[11/05/20 23:41:39] "La.Casa.de.Papel.s04e08.WEBRip.XviD.Rus.BaibaKo.tv.avi" | /home/k01/dnl/La.Casa.de.Papel.s04.WEBRip.XviD.Rus.BaibaKo.tv/La.Casa.de.Papel.s04e08.WEBRip.XviD.Rus.BaibaKo.tv.avi
[14/05/20 22:40:01] "Epidemia.s01.e01.WEB-DLRip.25Kuzmich.avi" | /home/k01/010k01/tmp010/kino/Epidemia.2019.WEB-DLRip.25Kuzmich/Epidemia.s01.e01.WEB-DLRip.25Kuzmich.avi
[14/05/20 23:32:28] "Epidemia.s01.e02.WEB-DLRip.25Kuzmich.avi" | /home/k01/010k01/tmp010/kino/Epidemia.2019.WEB-DLRip.25Kuzmich/Epidemia.s01.e02.WEB-DLRip.25Kuzmich.avi
[15/05/20 22:31:55] "Epidemia.s01.e03.WEB-DLRip.25Kuzmich.avi" | /home/k01/010k01/tmp010/kino/Epidemia.2019.WEB-DLRip.25Kuzmich/Epidemia.s01.e03.WEB-DLRip.25Kuzmich.avi
[15/05/20 23:56:44] "Epidemia.s01.e04.WEB-DLRip.25Kuzmich.avi" | /home/k01/010k01/tmp010/kino/Epidemia.2019.WEB-DLRip.25Kuzmich/Epidemia.s01.e04.WEB-DLRip.25Kuzmich.avi
[16/05/20 01:15:06] "Epidemia.s01.e05.WEB-DLRip.25Kuzmich.avi" | /home/k01/010k01/tmp010/kino/Epidemia.2019.WEB-DLRip.25Kuzmich/Epidemia.s01.e05.WEB-DLRip.25Kuzmich.avi
[16/05/20 02:12:23] "Epidemia.s01.e06.WEB-DLRip.25Kuzmich.avi" | /home/k01/010k01/tmp010/kino/Epidemia.2019.WEB-DLRip.25Kuzmich/Epidemia.s01.e06.WEB-DLRip.25Kuzmich.avi
[16/05/20 03:08:24] "Epidemia.s01.e07.WEB-DLRip.25Kuzmich.avi" | /home/k01/010k01/tmp010/kino/Epidemia.2019.WEB-DLRip.25Kuzmich/Epidemia.s01.e07.WEB-DLRip.25Kuzmich.avi
[16/05/20 04:09:13] "Epidemia.s01.e08.WEB-DLRip.25Kuzmich.avi" | /home/k01/010k01/tmp010/kino/Epidemia.2019.WEB-DLRip.25Kuzmich/Epidemia.s01.e08.WEB-DLRip.25Kuzmich.avi
[17/05/20 23:52:05] "Zakon.kamennyh.dzhunglej.S01.(01.seriya.iz.08).2015.WEB-DL.(1080p).Nikolspup.mkv" | /home/k01/010k01/tmp010/kino/Zakon.kamennyh.dzhunglej.S01-02.2015-2017.WEB-DL.(1080p).Nikolspup/Zakon.kamennyh.dzhunglej.S01.(01.seriya.iz.08).2015.WEB-DL.(1080p).Nikolspup.mkv
[18/05/20 01:00:05] "Zakon.kamennyh.dzhunglej.S01.(02.seriya.iz.08).2015.WEB-DL.(1080p).Nikolspup.mkv" | /home/k01/010k01/tmp010/kino/Zakon.kamennyh.dzhunglej.S01-02.2015-2017.WEB-DL.(1080p).Nikolspup/Zakon.kamennyh.dzhunglej.S01.(02.seriya.iz.08).2015.WEB-DL.(1080p).Nikolspup.mkv
[18/05/20 23:05:05] "Zakon.kamennyh.dzhunglej.S01.(03.seriya.iz.08).2015.WEB-DL.(1080p).Nikolspup.mkv" | /home/k01/010k01/tmp010/kino/Zakon.kamennyh.dzhunglej.S01-02.2015-2017.WEB-DL.(1080p).Nikolspup/Zakon.kamennyh.dzhunglej.S01.(03.seriya.iz.08).2015.WEB-DL.(1080p).Nikolspup.mkv
[20/05/20 20:40:20] "Zakon.kamennyh.dzhunglej.S01.(04.seriya.iz.08).2015.WEB-DL.(1080p).Nikolspup.mkv" | /home/k01/010k01/tmp010/kino/Zakon.kamennyh.dzhunglej.S01-02.2015-2017.WEB-DL.(1080p).Nikolspup/Zakon.kamennyh.dzhunglej.S01.(04.seriya.iz.08).2015.WEB-DL.(1080p).Nikolspup.mkv
[20/05/20 20:41:55] "Zakon.kamennyh.dzhunglej.S02.(01.seriya.iz.08).2017.WEB-DL.(1080p).Nikolspup.mkv" | /home/k01/010k01/tmp010/kino/Zakon.kamennyh.dzhunglej.S01-02.2015-2017.WEB-DL.(1080p).Nikolspup/Zakon.kamennyh.dzhunglej.S02.(01.seriya.iz.08).2017.WEB-DL.(1080p).Nikolspup.mkv
[21/05/20 00:09:27] "Zakon.kamennyh.dzhunglej.S01.(06.seriya.iz.08).2015.WEB-DL.(1080p).Nikolspup.mkv" | /home/k01/dnl/Zakon.kamennyh.dzhunglej.S01-02.2015-2017.WEB-DL.(1080p).Nikolspup/Zakon.kamennyh.dzhunglej.S01.(06.seriya.iz.08).2015.WEB-DL.(1080p).Nikolspup.mkv
[21/05/20 00:09:34] "Zakon.kamennyh.dzhunglej.S01.(05.seriya.iz.08).2015.WEB-DL.(1080p).Nikolspup.mkv" | /home/k01/dnl/Zakon.kamennyh.dzhunglej.S01-02.2015-2017.WEB-DL.(1080p).Nikolspup/Zakon.kamennyh.dzhunglej.S01.(05.seriya.iz.08).2015.WEB-DL.(1080p).Nikolspup.mkv
[31/05/20 22:35:18] "2-08. –ù–µ–≤–æ–∑–º–æ–∂–Ω–∞—è –ø–ª–∞–Ω–µ—Ç–∞.mkv" | /home/k01/dnl/–î–æ–∫—Ç–æ—Ä –ö—Ç–æ. –°–µ—Ä–∏–∞–ª. –í—Å–µ —Å–µ–∑–æ–Ω—ã (AVC)/2 –°–µ–∑–æ–Ω/2-08. –ù–µ–≤–æ–∑–º–æ–∂–Ω–∞—è –ø–ª–∞–Ω–µ—Ç–∞.mkv
[31/05/20 23:34:18] "2-09. –ë–µ–∑–¥–Ω–∞ –°–∞—Ç–∞–Ω—ã.mkv" | /home/k01/dnl/–î–æ–∫—Ç–æ—Ä –ö—Ç–æ. –°–µ—Ä–∏–∞–ª. –í—Å–µ —Å–µ–∑–æ–Ω—ã (AVC)/2 –°–µ–∑–æ–Ω/2-09. –ë–µ–∑–¥–Ω–∞ –°–∞—Ç–∞–Ω—ã.mkv
[05/06/20 23:27:35] "Zakon.kamennyh.dzhunglej.S01.(07.seriya.iz.08).2015.WEB-DL.(1080p).Nikolspup.mkv" | /home/k01/dnl/Zakon.kamennyh.dzhunglej.S01-02.2015-2017.WEB-DL.(1080p).Nikolspup/Zakon.kamennyh.dzhunglej.S01.(07.seriya.iz.08).2015.WEB-DL.(1080p).Nikolspup.mkv
[06/06/20 21:53:11] "2-10. –õ—é–±–æ–≤—å –∏ –º–æ–Ω—Å—Ç—Ä—ã.mkv" | /home/k01/dnl/–î–æ–∫—Ç–æ—Ä –ö—Ç–æ. –°–µ—Ä–∏–∞–ª. –í—Å–µ —Å–µ–∑–æ–Ω—ã (AVC)/2 –°–µ–∑–æ–Ω/2-10. –õ—é–±–æ–≤—å –∏ –º–æ–Ω—Å—Ç—Ä—ã.mkv
[09/06/20 03:03:38] "2-11. –ë–æ–π—Å—è –µ—ë.mkv" | /home/k01/dnl/–î–æ–∫—Ç–æ—Ä –ö—Ç–æ. –°–µ—Ä–∏–∞–ª. –í—Å–µ —Å–µ–∑–æ–Ω—ã (AVC)/2 –°–µ–∑–æ–Ω/2-11. –ë–æ–π—Å—è –µ—ë.mkv
[14/06/20 21:06:24] "Zakon.kamennyh.dzhunglej.S01.(08.seriya.iz.08).2015.WEB-DL.(1080p).Nikolspup.mkv" | /home/k01/dnl/Zakon.kamennyh.dzhunglej.S01-02.2015-2017.WEB-DL.(1080p).Nikolspup/Zakon.kamennyh.dzhunglej.S01.(08.seriya.iz.08).2015.WEB-DL.(1080p).Nikolspup.mkv
[16/06/20 22:07:13] "2-12. –ê—Ä–º–∏—è –ø—Ä–∏–∑—Ä–∞–∫–æ–≤.mkv" | /home/k01/dnl/–î–æ–∫—Ç–æ—Ä –ö—Ç–æ. –°–µ—Ä–∏–∞–ª. –í—Å–µ —Å–µ–∑–æ–Ω—ã (AVC)/2 –°–µ–∑–æ–Ω/2-12. –ê—Ä–º–∏—è –ø—Ä–∏–∑—Ä–∞–∫–æ–≤.mkv
[16/06/20 23:04:37] "Maslo.Lorentso.1992.Xvid.DVDRip.avi" | /home/k01/dnl/Maslo.Lorentso.1992.Xvid.DVDRip.avi
[17/06/20 17:10:51] "2-13. –°—É–¥–Ω—ã–π –¥–µ–Ω—å.mkv" | /home/k01/dnl/–î–æ–∫—Ç–æ—Ä –ö—Ç–æ. –°–µ—Ä–∏–∞–ª. –í—Å–µ —Å–µ–∑–æ–Ω—ã (AVC)/2 –°–µ–∑–æ–Ω/2-13. –°—É–¥–Ω—ã–π –¥–µ–Ω—å.mkv
[21/06/20 22:53:37] "3-00. –°–±–µ–∂–∞–≤—à–∞—è –Ω–µ–≤–µ—Å—Ç–∞.mkv" | /home/k01/dnl/–î–æ–∫—Ç–æ—Ä –ö—Ç–æ. –°–µ—Ä–∏–∞–ª. –í—Å–µ —Å–µ–∑–æ–Ω—ã (AVC)/3 –°–µ–∑–æ–Ω/3-00. –°–±–µ–∂–∞–≤—à–∞—è –Ω–µ–≤–µ—Å—Ç–∞.mkv
[21/06/20 23:52:38] "3-01. –°–º–∏—Ç –∏ –î–∂–æ–Ω—Å.mkv" | /home/k01/dnl/–î–æ–∫—Ç–æ—Ä –ö—Ç–æ. –°–µ—Ä–∏–∞–ª. –í—Å–µ —Å–µ–∑–æ–Ω—ã (AVC)/3 –°–µ–∑–æ–Ω/3-01. –°–º–∏—Ç –∏ –î–∂–æ–Ω—Å.mkv
[29/06/20 01:06:23] "ŒıÓÚÌËÍ Á‡ ‡ÁÛÏÓÏ 2ı01: ›ÔËÁÓ‰ 1 - Release by Wentworth_Miller" | /home/k01/dnl/Mindhunter (Season 2) LostFilm WEB-DLRip/Mindhunter.S02E01.WEB-DLRip.RGzsRutracker.[Wentworth_Miller].avi
[29/06/20 16:56:11] "ŒıÓÚÌËÍ Á‡ ‡ÁÛÏÓÏ 2ı02: ›ÔËÁÓ‰ 2 - Release by Wentworth_Miller" | /home/k01/dnl/Mindhunter (Season 2) LostFilm WEB-DLRip/Mindhunter.S02E02.WEB-DLRip.RGzsRutracker.[Wentworth_Miller].avi
[29/06/20 18:00:54] "ŒıÓÚÌËÍ Á‡ ‡ÁÛÏÓÏ 2ı03: ›ÔËÁÓ‰ 3 - Release by Wentworth_Miller" | /home/k01/dnl/Mindhunter (Season 2) LostFilm WEB-DLRip/Mindhunter.S02E03.WEB-DLRip.RGzsRutracker.[Wentworth_Miller].avi
[30/06/20 00:50:24] "ŒıÓÚÌËÍ Á‡ ‡ÁÛÏÓÏ 2ı04: ›ÔËÁÓ‰ 4 - Release by Wentworth_Miller" | /home/k01/dnl/Mindhunter (Season 2) LostFilm WEB-DLRip/Mindhunter.S02E04.WEB-DLRip.RGzsRutracker.[Wentworth_Miller].avi
[30/06/20 18:05:38] "ŒıÓÚÌËÍ Á‡ ‡ÁÛÏÓÏ 2ı05: ›ÔËÁÓ‰ 5 - Release by Wentworth_Miller" | /home/k01/dnl/Mindhunter (Season 2) LostFilm WEB-DLRip/Mindhunter.S02E05.WEB-DLRip.RGzsRutracker.[Wentworth_Miller].avi
[30/06/20 19:04:39] "ŒıÓÚÌËÍ Á‡ ‡ÁÛÏÓÏ 2ı06: ›ÔËÁÓ‰ 6 - Release by Wentworth_Miller" | /home/k01/dnl/Mindhunter (Season 2) LostFilm WEB-DLRip/Mindhunter.S02E06.WEB-DLRip.RGzsRutracker.[Wentworth_Miller].avi
[30/06/20 20:39:21] "ŒıÓÚÌËÍ Á‡ ‡ÁÛÏÓÏ 2ı07: ›ÔËÁÓ‰ 7 - Release by Wentworth_Miller" | /home/k01/dnl/Mindhunter (Season 2) LostFilm WEB-DLRip/Mindhunter.S02E07.WEB-DLRip.RGzsRutracker.[Wentworth_Miller].avi
[30/06/20 22:02:11] "ŒıÓÚÌËÍ Á‡ ‡ÁÛÏÓÏ 2ı08: ›ÔËÁÓ‰ 8 - Release by Wentworth_Miller" | /home/k01/dnl/Mindhunter (Season 2) LostFilm WEB-DLRip/Mindhunter.S02E08.WEB-DLRip.RGzsRutracker.[Wentworth_Miller].avi
[30/06/20 23:15:43] "ŒıÓÚÌËÍ Á‡ ‡ÁÛÏÓÏ 2ı09: ›ÔËÁÓ‰ 9 - Release by Wentworth_Miller" | /home/k01/dnl/Mindhunter (Season 2) LostFilm WEB-DLRip/Mindhunter.S02E09.WEB-DLRip.RGzsRutracker.[Wentworth_Miller].avi
[02/07/20 22:24:10] "Zakon.kamennyh.dzhunglej.S02.(01.seriya.iz.08).2017.WEB-DL.(1080p).Nikolspup.mkv" | /home/k01/dnl/Zakon.kamennyh.dzhunglej.S01-02.2015-2017.WEB-DL.(1080p).Nikolspup/Zakon.kamennyh.dzhunglej.S02.(01.seriya.iz.08).2017.WEB-DL.(1080p).Nikolspup.mkv
[02/07/20 23:16:57] "Zakon.kamennyh.dzhunglej.S02.(02.seriya.iz.08).2017.WEB-DL.(1080p).Nikolspup.mkv" | /home/k01/dnl/Zakon.kamennyh.dzhunglej.S01-02.2015-2017.WEB-DL.(1080p).Nikolspup/Zakon.kamennyh.dzhunglej.S02.(02.seriya.iz.08).2017.WEB-DL.(1080p).Nikolspup.mkv
[03/07/20 00:30:54] "Zakon.kamennyh.dzhunglej.S02.(03.seriya.iz.08).2017.WEB-DL.(1080p).Nikolspup.mkv" | /home/k01/dnl/Zakon.kamennyh.dzhunglej.S01-02.2015-2017.WEB-DL.(1080p).Nikolspup/Zakon.kamennyh.dzhunglej.S02.(03.seriya.iz.08).2017.WEB-DL.(1080p).Nikolspup.mkv
